d:\subprojects\gperftools\vsprojects\libtcmalloc_minimal\x64\debug\vc141.pdb
d:\subprojects\gperftools\vsprojects\libtcmalloc_minimal\x64\debug\vc141.idb
d:\subprojects\gperftools\vsprojects\libtcmalloc_minimal\x64\debug\dynamic_annotations.obj
d:\subprojects\gperftools\vsprojects\libtcmalloc_minimal\x64\debug\static_vars.obj
d:\subprojects\gperftools\vsprojects\libtcmalloc_minimal\x64\debug\stack_trace_table.obj
d:\subprojects\gperftools\vsprojects\libtcmalloc_minimal\x64\debug\stacktrace.obj
d:\subprojects\gperftools\vsprojects\libtcmalloc_minimal\x64\debug\span.obj
d:\subprojects\gperftools\vsprojects\libtcmalloc_minimal\x64\debug\sampler.obj
d:\subprojects\gperftools\vsprojects\libtcmalloc_minimal\x64\debug\raw_printer.obj
d:\subprojects\gperftools\vsprojects\libtcmalloc_minimal\x64\debug\page_heap.obj
d:\subprojects\gperftools\vsprojects\libtcmalloc_minimal\x64\debug\memory_region_map.obj
d:\subprojects\gperftools\vsprojects\libtcmalloc_minimal\x64\debug\malloc_hook.obj
d:\subprojects\gperftools\vsprojects\libtcmalloc_minimal\x64\debug\malloc_extension.obj
d:\subprojects\gperftools\vsprojects\libtcmalloc_minimal\x64\debug\internal_logging.obj
d:\subprojects\gperftools\vsprojects\libtcmalloc_minimal\x64\debug\heap-profile-table.obj
d:\subprojects\gperftools\vsprojects\libtcmalloc_minimal\x64\debug\fake_stacktrace_scope.obj
d:\subprojects\gperftools\vsprojects\libtcmalloc_minimal\x64\debug\common.obj
d:\subprojects\gperftools\vsprojects\libtcmalloc_minimal\x64\debug\central_freelist.obj
d:\subprojects\gperftools\vsprojects\libtcmalloc_minimal\x64\debug\sysinfo.obj
d:\subprojects\gperftools\vsprojects\libtcmalloc_minimal\x64\debug\spinlock_internal.obj
d:\subprojects\gperftools\vsprojects\libtcmalloc_minimal\x64\debug\spinlock.obj
d:\subprojects\gperftools\vsprojects\libtcmalloc_minimal\x64\debug\low_level_alloc.obj
d:\subprojects\gperftools\vsprojects\libtcmalloc_minimal\x64\debug\logging.obj
d:\subprojects\gperftools\vsprojects\libtcmalloc_minimal\x64\debug\system-alloc.obj
d:\subprojects\gperftools\vsprojects\libtcmalloc_minimal\x64\debug\preamble_patcher_with_stub.obj
d:\subprojects\gperftools\vsprojects\libtcmalloc_minimal\x64\debug\preamble_patcher.obj
d:\subprojects\gperftools\vsprojects\libtcmalloc_minimal\x64\debug\port.obj
d:\subprojects\gperftools\vsprojects\libtcmalloc_minimal\x64\debug\patch_functions.obj
d:\subprojects\gperftools\vsprojects\libtcmalloc_minimal\x64\debug\mini_disassembler.obj
d:\subprojects\gperftools\vsprojects\libtcmalloc_minimal\x64\debug\ia32_opcode_map.obj
d:\subprojects\gperftools\vsprojects\libtcmalloc_minimal\x64\debug\ia32_modrm_map.obj
d:\subprojects\gperftools\vsprojects\libtcmalloc_minimal\x64\debug\thread_cache.obj
d:\subprojects\gperftools\vsprojects\libtcmalloc_minimal\x64\debug\symbolize.obj
d:\subprojects\gperftools\x64\debug\tcmalloc64d.lib
d:\subprojects\gperftools\x64\debug\tcmalloc64d.exp
d:\subprojects\gperftools\x64\debug\tcmalloc64d.ilk
d:\subprojects\gperftools\x64\debug\tcmalloc64d.dll
d:\subprojects\gperftools\x64\debug\tcmalloc64d.pdb
d:\subprojects\gperftools\vsprojects\libtcmalloc_minimal\x64\debug\libtcmal.55e2b3ae.tlog\cl.command.1.tlog
d:\subprojects\gperftools\vsprojects\libtcmalloc_minimal\x64\debug\libtcmal.55e2b3ae.tlog\cl.read.1.tlog
d:\subprojects\gperftools\vsprojects\libtcmalloc_minimal\x64\debug\libtcmal.55e2b3ae.tlog\cl.write.1.tlog
d:\subprojects\gperftools\vsprojects\libtcmalloc_minimal\x64\debug\libtcmal.55e2b3ae.tlog\libtcmalloc_minimal.write.1u.tlog
d:\subprojects\gperftools\vsprojects\libtcmalloc_minimal\x64\debug\libtcmal.55e2b3ae.tlog\link.command.1.tlog
d:\subprojects\gperftools\vsprojects\libtcmalloc_minimal\x64\debug\libtcmal.55e2b3ae.tlog\link.read.1.tlog
d:\subprojects\gperftools\vsprojects\libtcmalloc_minimal\x64\debug\libtcmal.55e2b3ae.tlog\link.write.1.tlog
