d:\subprojects\gperftools\vsprojects\libtcmalloc_minimal\x64\release-patch\vc141.pdb
d:\subprojects\gperftools\vsprojects\libtcmalloc_minimal\x64\release-patch\dynamic_annotations.obj
d:\subprojects\gperftools\vsprojects\libtcmalloc_minimal\x64\release-patch\spinlock_internal.obj
d:\subprojects\gperftools\vsprojects\libtcmalloc_minimal\x64\release-patch\sysinfo.obj
d:\subprojects\gperftools\vsprojects\libtcmalloc_minimal\x64\release-patch\heap-profile-table.obj
d:\subprojects\gperftools\vsprojects\libtcmalloc_minimal\x64\release-patch\sampler.obj
d:\subprojects\gperftools\vsprojects\libtcmalloc_minimal\x64\release-patch\thread_cache.obj
d:\subprojects\gperftools\vsprojects\libtcmalloc_minimal\x64\release-patch\mini_disassembler.obj
d:\subprojects\gperftools\vsprojects\libtcmalloc_minimal\x64\release-patch\preamble_patcher_with_stub.obj
d:\subprojects\gperftools\vsprojects\libtcmalloc_minimal\x64\release-patch\spinlock.obj
d:\subprojects\gperftools\vsprojects\libtcmalloc_minimal\x64\release-patch\central_freelist.obj
d:\subprojects\gperftools\vsprojects\libtcmalloc_minimal\x64\release-patch\malloc_hook.obj
d:\subprojects\gperftools\vsprojects\libtcmalloc_minimal\x64\release-patch\raw_printer.obj
d:\subprojects\gperftools\vsprojects\libtcmalloc_minimal\x64\release-patch\stack_trace_table.obj
d:\subprojects\gperftools\vsprojects\libtcmalloc_minimal\x64\release-patch\ia32_modrm_map.obj
d:\subprojects\gperftools\vsprojects\libtcmalloc_minimal\x64\release-patch\patch_functions.obj
d:\subprojects\gperftools\vsprojects\libtcmalloc_minimal\x64\release-patch\low_level_alloc.obj
d:\subprojects\gperftools\vsprojects\libtcmalloc_minimal\x64\release-patch\common.obj
d:\subprojects\gperftools\vsprojects\libtcmalloc_minimal\x64\release-patch\malloc_extension.obj
d:\subprojects\gperftools\vsprojects\libtcmalloc_minimal\x64\release-patch\page_heap.obj
d:\subprojects\gperftools\vsprojects\libtcmalloc_minimal\x64\release-patch\span.obj
d:\subprojects\gperftools\vsprojects\libtcmalloc_minimal\x64\release-patch\symbolize.obj
d:\subprojects\gperftools\vsprojects\libtcmalloc_minimal\x64\release-patch\port.obj
d:\subprojects\gperftools\vsprojects\libtcmalloc_minimal\x64\release-patch\system-alloc.obj
d:\subprojects\gperftools\vsprojects\libtcmalloc_minimal\x64\release-patch\logging.obj
d:\subprojects\gperftools\vsprojects\libtcmalloc_minimal\x64\release-patch\fake_stacktrace_scope.obj
d:\subprojects\gperftools\vsprojects\libtcmalloc_minimal\x64\release-patch\internal_logging.obj
d:\subprojects\gperftools\vsprojects\libtcmalloc_minimal\x64\release-patch\memory_region_map.obj
d:\subprojects\gperftools\vsprojects\libtcmalloc_minimal\x64\release-patch\stacktrace.obj
d:\subprojects\gperftools\vsprojects\libtcmalloc_minimal\x64\release-patch\static_vars.obj
d:\subprojects\gperftools\vsprojects\libtcmalloc_minimal\x64\release-patch\ia32_opcode_map.obj
d:\subprojects\gperftools\vsprojects\libtcmalloc_minimal\x64\release-patch\preamble_patcher.obj
d:\subprojects\gperftools\x64\release-patch\tcmalloc64.lib
d:\subprojects\gperftools\x64\release-patch\tcmalloc64.exp
d:\subprojects\gperftools\x64\release-patch\tcmalloc64.ipdb
d:\subprojects\gperftools\x64\release-patch\tcmalloc64.iobj
d:\subprojects\gperftools\x64\release-patch\tcmalloc64.dll
d:\subprojects\gperftools\x64\release-patch\tcmalloc64.pdb
d:\subprojects\gperftools\vsprojects\libtcmalloc_minimal\x64\release-patch\libtcmalloc_minimal.res
d:\subprojects\gperftools\vsprojects\libtcmalloc_minimal\x64\release-patch\libtcmal.55e2b3ae.tlog\cl.command.1.tlog
d:\subprojects\gperftools\vsprojects\libtcmalloc_minimal\x64\release-patch\libtcmal.55e2b3ae.tlog\cl.read.1.tlog
d:\subprojects\gperftools\vsprojects\libtcmalloc_minimal\x64\release-patch\libtcmal.55e2b3ae.tlog\cl.write.1.tlog
d:\subprojects\gperftools\vsprojects\libtcmalloc_minimal\x64\release-patch\libtcmal.55e2b3ae.tlog\libtcmalloc_minimal.write.1u.tlog
d:\subprojects\gperftools\vsprojects\libtcmalloc_minimal\x64\release-patch\libtcmal.55e2b3ae.tlog\link.command.1.tlog
d:\subprojects\gperftools\vsprojects\libtcmalloc_minimal\x64\release-patch\libtcmal.55e2b3ae.tlog\link.read.1.tlog
d:\subprojects\gperftools\vsprojects\libtcmalloc_minimal\x64\release-patch\libtcmal.55e2b3ae.tlog\link.write.1.tlog
d:\subprojects\gperftools\vsprojects\libtcmalloc_minimal\x64\release-patch\libtcmal.55e2b3ae.tlog\rc.command.1.tlog
d:\subprojects\gperftools\vsprojects\libtcmalloc_minimal\x64\release-patch\libtcmal.55e2b3ae.tlog\rc.read.1.tlog
d:\subprojects\gperftools\vsprojects\libtcmalloc_minimal\x64\release-patch\libtcmal.55e2b3ae.tlog\rc.write.1.tlog
